\BOOKMARK [0][-]{chapter*.2}{Introduction}{}% 1
\BOOKMARK [1][-]{section.1.1}{Purpose}{chapter*.2}% 2
\BOOKMARK [1][-]{section.1.2}{Scope}{chapter*.2}% 3
\BOOKMARK [1][-]{section.1.3}{Definition, Acronymus, Abbreviation}{chapter*.2}% 4
\BOOKMARK [1][-]{section.1.4}{Reference Documents}{chapter*.2}% 5
\BOOKMARK [1][-]{section.1.5}{Document Structure}{chapter*.2}% 6
\BOOKMARK [0][-]{chapter*.3}{Architectural Design}{}% 7
\BOOKMARK [1][-]{section.2.1}{Overview}{chapter*.3}% 8
\BOOKMARK [1][-]{section.2.2}{High level components and their interaction}{chapter*.3}% 9
\BOOKMARK [1][-]{section.2.3}{Component view}{chapter*.3}% 10
\BOOKMARK [2][-]{subsection.2.3.1}{Client}{section.2.3}% 11
\BOOKMARK [2][-]{subsection.2.3.2}{Server}{section.2.3}% 12
\BOOKMARK [2][-]{subsection.2.3.3}{Master view}{section.2.3}% 13
\BOOKMARK [1][-]{section.2.4}{Runtime view}{chapter*.3}% 14
\BOOKMARK [1][-]{section.2.5}{Component interfaces}{chapter*.3}% 15
\BOOKMARK [1][-]{section.2.6}{Selected architectural styles and patterns}{chapter*.3}% 16
\BOOKMARK [1][-]{section.2.7}{Other design decisions}{chapter*.3}% 17
\BOOKMARK [0][-]{chapter*.4}{Algorithm Design}{}% 18
\BOOKMARK [1][-]{section.3.1}{Outsourced algorithms}{chapter*.4}% 19
\BOOKMARK [1][-]{section.3.2}{In-house developed algorithms}{chapter*.4}% 20
\BOOKMARK [2][-]{subsection.3.2.1}{Shared ride}{section.3.2}% 21
\BOOKMARK [2][-]{subsection.3.2.2}{Billing calculation}{section.3.2}% 22
\BOOKMARK [0][-]{chapter*.5}{User Interface Design}{}% 23
\BOOKMARK [0][-]{chapter*.6}{Requirements Traceability}{}% 24
\BOOKMARK [0][-]{chapter*.7}{References}{}% 25
