This is pdfTeX, Version 3.14159265-2.6-1.40.16 (TeX Live 2015/Arch Linux) (preloaded format=pdflatex 2015.11.16)  3 DEC 2015 15:56
entering extended mode
 restricted \write18 enabled.
 %&-line parsing enabled.
**Design_Document.tex
(./Design_Document.tex
LaTeX2e <2015/10/01> patch level 2
Babel <3.9m> and hyphenation patterns for 79 languages loaded.
(/usr/share/texmf-dist/tex/latex/base/report.cls
Document Class: report 2014/09/29 v1.4h Standard LaTeX document class
(/usr/share/texmf-dist/tex/latex/base/fleqn.clo
File: fleqn.clo 2015/03/31 v1.1i Standard LaTeX option (flush left equations)
\mathindent=\dimen102
Applying: [2015/01/01] Make \[ robust on input line 50.
LaTeX Info: Redefining \[ on input line 51.
Already applied: [0000/00/00] Make \[ robust on input line 62.
Applying: [2015/01/01] Make \] robust on input line 74.
LaTeX Info: Redefining \] on input line 75.
Already applied: [0000/00/00] Make \] robust on input line 83.
)
(/usr/share/texmf-dist/tex/latex/base/size11.clo
File: size11.clo 2014/09/29 v1.4h Standard LaTeX file (size option)
)
\c@part=\count79
\c@chapter=\count80
\c@section=\count81
\c@subsection=\count82
\c@subsubsection=\count83
\c@paragraph=\count84
\c@subparagraph=\count85
\c@figure=\count86
\c@table=\count87
\abovecaptionskip=\skip41
\belowcaptionskip=\skip42
\bibindent=\dimen103
)
(/usr/share/texmf-dist/tex/latex/base/inputenc.sty
Package: inputenc 2015/03/17 v1.2c Input encoding file
\inpenc@prehook=\toks14
\inpenc@posthook=\toks15

(/usr/share/texmf-dist/tex/latex/base/utf8.def
File: utf8.def 2015/09/07 v1.1p UTF-8 support for inputenc
Now handling font encoding OML ...
... no UTF-8 mapping file for font encoding OML
Now handling font encoding T1 ...
... processing UTF-8 mapping file for font encoding T1

(/usr/share/texmf-dist/tex/latex/base/t1enc.dfu
File: t1enc.dfu 2015/09/07 v1.1p UTF-8 support for inputenc
   defining Unicode char U+00A0 (decimal 160)
   defining Unicode char U+00A1 (decimal 161)
   defining Unicode char U+00A3 (decimal 163)
   defining Unicode char U+00AB (decimal 171)
   defining Unicode char U+00AD (decimal 173)
   defining Unicode char U+00BB (decimal 187)
   defining Unicode char U+00BF (decimal 191)
   defining Unicode char U+00C0 (decimal 192)
   defining Unicode char U+00C1 (decimal 193)
   defining Unicode char U+00C2 (decimal 194)
   defining Unicode char U+00C3 (decimal 195)
   defining Unicode char U+00C4 (decimal 196)
   defining Unicode char U+00C5 (decimal 197)
   defining Unicode char U+00C6 (decimal 198)
   defining Unicode char U+00C7 (decimal 199)
   defining Unicode char U+00C8 (decimal 200)
   defining Unicode char U+00C9 (decimal 201)
   defining Unicode char U+00CA (decimal 202)
   defining Unicode char U+00CB (decimal 203)
   defining Unicode char U+00CC (decimal 204)
   defining Unicode char U+00CD (decimal 205)
   defining Unicode char U+00CE (decimal 206)
   defining Unicode char U+00CF (decimal 207)
   defining Unicode char U+00D0 (decimal 208)
   defining Unicode char U+00D1 (decimal 209)
   defining Unicode char U+00D2 (decimal 210)
   defining Unicode char U+00D3 (decimal 211)
   defining Unicode char U+00D4 (decimal 212)
   defining Unicode char U+00D5 (decimal 213)
   defining Unicode char U+00D6 (decimal 214)
   defining Unicode char U+00D8 (decimal 216)
   defining Unicode char U+00D9 (decimal 217)
   defining Unicode char U+00DA (decimal 218)
   defining Unicode char U+00DB (decimal 219)
   defining Unicode char U+00DC (decimal 220)
   defining Unicode char U+00DD (decimal 221)
   defining Unicode char U+00DE (decimal 222)
   defining Unicode char U+00DF (decimal 223)
   defining Unicode char U+00E0 (decimal 224)
   defining Unicode char U+00E1 (decimal 225)
   defining Unicode char U+00E2 (decimal 226)
   defining Unicode char U+00E3 (decimal 227)
   defining Unicode char U+00E4 (decimal 228)
   defining Unicode char U+00E5 (decimal 229)
   defining Unicode char U+00E6 (decimal 230)
   defining Unicode char U+00E7 (decimal 231)
   defining Unicode char U+00E8 (decimal 232)
   defining Unicode char U+00E9 (decimal 233)
   defining Unicode char U+00EA (decimal 234)
   defining Unicode char U+00EB (decimal 235)
   defining Unicode char U+00EC (decimal 236)
   defining Unicode char U+00ED (decimal 237)
   defining Unicode char U+00EE (decimal 238)
   defining Unicode char U+00EF (decimal 239)
   defining Unicode char U+00F0 (decimal 240)
   defining Unicode char U+00F1 (decimal 241)
   defining Unicode char U+00F2 (decimal 242)
   defining Unicode char U+00F3 (decimal 243)
   defining Unicode char U+00F4 (decimal 244)
   defining Unicode char U+00F5 (decimal 245)
   defining Unicode char U+00F6 (decimal 246)
   defining Unicode char U+00F8 (decimal 248)
   defining Unicode char U+00F9 (decimal 249)
   defining Unicode char U+00FA (decimal 250)
   defining Unicode char U+00FB (decimal 251)
   defining Unicode char U+00FC (decimal 252)
   defining Unicode char U+00FD (decimal 253)
   defining Unicode char U+00FE (decimal 254)
   defining Unicode char U+00FF (decimal 255)
   defining Unicode char U+0102 (decimal 258)
   defining Unicode char U+0103 (decimal 259)
   defining Unicode char U+0104 (decimal 260)
   defining Unicode char U+0105 (decimal 261)
   defining Unicode char U+0106 (decimal 262)
   defining Unicode char U+0107 (decimal 263)
   defining Unicode char U+010C (decimal 268)
   defining Unicode char U+010D (decimal 269)
   defining Unicode char U+010E (decimal 270)
   defining Unicode char U+010F (decimal 271)
   defining Unicode char U+0110 (decimal 272)
   defining Unicode char U+0111 (decimal 273)
   defining Unicode char U+0118 (decimal 280)
   defining Unicode char U+0119 (decimal 281)
   defining Unicode char U+011A (decimal 282)
   defining Unicode char U+011B (decimal 283)
   defining Unicode char U+011E (decimal 286)
   defining Unicode char U+011F (decimal 287)
   defining Unicode char U+0130 (decimal 304)
   defining Unicode char U+0131 (decimal 305)
   defining Unicode char U+0132 (decimal 306)
   defining Unicode char U+0133 (decimal 307)
   defining Unicode char U+0139 (decimal 313)
   defining Unicode char U+013A (decimal 314)
   defining Unicode char U+013D (decimal 317)
   defining Unicode char U+013E (decimal 318)
   defining Unicode char U+0141 (decimal 321)
   defining Unicode char U+0142 (decimal 322)
   defining Unicode char U+0143 (decimal 323)
   defining Unicode char U+0144 (decimal 324)
   defining Unicode char U+0147 (decimal 327)
   defining Unicode char U+0148 (decimal 328)
   defining Unicode char U+014A (decimal 330)
   defining Unicode char U+014B (decimal 331)
   defining Unicode char U+0150 (decimal 336)
   defining Unicode char U+0151 (decimal 337)
   defining Unicode char U+0152 (decimal 338)
   defining Unicode char U+0153 (decimal 339)
   defining Unicode char U+0154 (decimal 340)
   defining Unicode char U+0155 (decimal 341)
   defining Unicode char U+0158 (decimal 344)
   defining Unicode char U+0159 (decimal 345)
   defining Unicode char U+015A (decimal 346)
   defining Unicode char U+015B (decimal 347)
   defining Unicode char U+015E (decimal 350)
   defining Unicode char U+015F (decimal 351)
   defining Unicode char U+0160 (decimal 352)
   defining Unicode char U+0161 (decimal 353)
   defining Unicode char U+0162 (decimal 354)
   defining Unicode char U+0163 (decimal 355)
   defining Unicode char U+0164 (decimal 356)
   defining Unicode char U+0165 (decimal 357)
   defining Unicode char U+016E (decimal 366)
   defining Unicode char U+016F (decimal 367)
   defining Unicode char U+0170 (decimal 368)
   defining Unicode char U+0171 (decimal 369)
   defining Unicode char U+0174 (decimal 372)
   defining Unicode char U+0175 (decimal 373)
   defining Unicode char U+0176 (decimal 374)
   defining Unicode char U+0177 (decimal 375)
   defining Unicode char U+0178 (decimal 376)
   defining Unicode char U+0179 (decimal 377)
   defining Unicode char U+017A (decimal 378)
   defining Unicode char U+017B (decimal 379)
   defining Unicode char U+017C (decimal 380)
   defining Unicode char U+017D (decimal 381)
   defining Unicode char U+017E (decimal 382)
   defining Unicode char U+0218 (decimal 536)
   defining Unicode char U+0219 (decimal 537)
   defining Unicode char U+021A (decimal 538)
   defining Unicode char U+021B (decimal 539)
   defining Unicode char U+200C (decimal 8204)
   defining Unicode char U+2013 (decimal 8211)
   defining Unicode char U+2014 (decimal 8212)
   defining Unicode char U+2018 (decimal 8216)
   defining Unicode char U+2019 (decimal 8217)
   defining Unicode char U+201A (decimal 8218)
   defining Unicode char U+201C (decimal 8220)
   defining Unicode char U+201D (decimal 8221)
   defining Unicode char U+201E (decimal 8222)
   defining Unicode char U+2030 (decimal 8240)
   defining Unicode char U+2031 (decimal 8241)
   defining Unicode char U+2039 (decimal 8249)
   defining Unicode char U+203A (decimal 8250)
   defining Unicode char U+2423 (decimal 9251)
)
Now handling font encoding OT1 ...
... processing UTF-8 mapping file for font encoding OT1

(/usr/share/texmf-dist/tex/latex/base/ot1enc.dfu
File: ot1enc.dfu 2015/09/07 v1.1p UTF-8 support for inputenc
   defining Unicode char U+00A0 (decimal 160)
   defining Unicode char U+00A1 (decimal 161)
   defining Unicode char U+00A3 (decimal 163)
   defining Unicode char U+00AD (decimal 173)
   defining Unicode char U+00B8 (decimal 184)
   defining Unicode char U+00BF (decimal 191)
   defining Unicode char U+00C5 (decimal 197)
   defining Unicode char U+00C6 (decimal 198)
   defining Unicode char U+00D8 (decimal 216)
   defining Unicode char U+00DF (decimal 223)
   defining Unicode char U+00E6 (decimal 230)
   defining Unicode char U+00EC (decimal 236)
   defining Unicode char U+00ED (decimal 237)
   defining Unicode char U+00EE (decimal 238)
   defining Unicode char U+00EF (decimal 239)
   defining Unicode char U+00F8 (decimal 248)
   defining Unicode char U+0131 (decimal 305)
   defining Unicode char U+0141 (decimal 321)
   defining Unicode char U+0142 (decimal 322)
   defining Unicode char U+0152 (decimal 338)
   defining Unicode char U+0153 (decimal 339)
   defining Unicode char U+0174 (decimal 372)
   defining Unicode char U+0175 (decimal 373)
   defining Unicode char U+0176 (decimal 374)
   defining Unicode char U+0177 (decimal 375)
   defining Unicode char U+0218 (decimal 536)
   defining Unicode char U+0219 (decimal 537)
   defining Unicode char U+021A (decimal 538)
   defining Unicode char U+021B (decimal 539)
   defining Unicode char U+2013 (decimal 8211)
   defining Unicode char U+2014 (decimal 8212)
   defining Unicode char U+2018 (decimal 8216)
   defining Unicode char U+2019 (decimal 8217)
   defining Unicode char U+201C (decimal 8220)
   defining Unicode char U+201D (decimal 8221)
)
Now handling font encoding OMS ...
... processing UTF-8 mapping file for font encoding OMS

(/usr/share/texmf-dist/tex/latex/base/omsenc.dfu
File: omsenc.dfu 2015/09/07 v1.1p UTF-8 support for inputenc
   defining Unicode char U+00A7 (decimal 167)
   defining Unicode char U+00B6 (decimal 182)
   defining Unicode char U+00B7 (decimal 183)
   defining Unicode char U+2020 (decimal 8224)
   defining Unicode char U+2021 (decimal 8225)
   defining Unicode char U+2022 (decimal 8226)
)
Now handling font encoding OMX ...
... no UTF-8 mapping file for font encoding OMX
Now handling font encoding U ...
... no UTF-8 mapping file for font encoding U
   defining Unicode char U+00A9 (decimal 169)
   defining Unicode char U+00AA (decimal 170)
   defining Unicode char U+00AE (decimal 174)
   defining Unicode char U+00BA (decimal 186)
   defining Unicode char U+02C6 (decimal 710)
   defining Unicode char U+02DC (decimal 732)
   defining Unicode char U+200C (decimal 8204)
   defining Unicode char U+2026 (decimal 8230)
   defining Unicode char U+2122 (decimal 8482)
   defining Unicode char U+2423 (decimal 9251)
))
(/usr/share/texmf-dist/tex/latex/graphics/graphicx.sty
Package: graphicx 2014/10/28 v1.0g Enhanced LaTeX Graphics (DPC,SPQR)

(/usr/share/texmf-dist/tex/latex/graphics/keyval.sty
Package: keyval 2014/10/28 v1.15 key=value parser (DPC)
\KV@toks@=\toks16
)
(/usr/share/texmf-dist/tex/latex/graphics/graphics.sty
Package: graphics 2014/10/28 v1.0p Standard LaTeX Graphics (DPC,SPQR)

(/usr/share/texmf-dist/tex/latex/graphics/trig.sty
Package: trig 1999/03/16 v1.09 sin cos tan (DPC)
)
(/usr/share/texmf-dist/tex/latex/latexconfig/graphics.cfg
File: graphics.cfg 2010/04/23 v1.9 graphics configuration of TeX Live
)
Package graphics Info: Driver file: pdftex.def on input line 94.

(/usr/share/texmf-dist/tex/latex/pdftex-def/pdftex.def
File: pdftex.def 2011/05/27 v0.06d Graphics/color for pdfTeX

(/usr/share/texmf-dist/tex/generic/oberdiek/infwarerr.sty
Package: infwarerr 2010/04/08 v1.3 Providing info/warning/error messages (HO)
)
(/usr/share/texmf-dist/tex/generic/oberdiek/ltxcmds.sty
Package: ltxcmds 2011/11/09 v1.22 LaTeX kernel commands for general use (HO)
)
\Gread@gobject=\count88
))
\Gin@req@height=\dimen104
\Gin@req@width=\dimen105
)
(/usr/share/texmf-dist/tex/latex/listings/listings.sty
\lst@mode=\count89
\lst@gtempboxa=\box26
\lst@token=\toks17
\lst@length=\count90
\lst@currlwidth=\dimen106
\lst@column=\count91
\lst@pos=\count92
\lst@lostspace=\dimen107
\lst@width=\dimen108
\lst@newlines=\count93
\lst@lineno=\count94
\lst@maxwidth=\dimen109

(/usr/share/texmf-dist/tex/latex/listings/lstmisc.sty
File: lstmisc.sty 2015/06/04 1.6 (Carsten Heinz)
\c@lstnumber=\count95
\lst@skipnumbers=\count96
\lst@framebox=\box27
)
(/usr/share/texmf-dist/tex/latex/listings/listings.cfg
File: listings.cfg 2015/06/04 1.6 listings configuration
))
Package: listings 2015/06/04 1.6 (Carsten Heinz)

(/usr/share/texmf-dist/tex/latex/rotating/rotating.sty
Package: rotating 2009/03/28 v2.16a rotated objects in LaTeX

(/usr/share/texmf-dist/tex/latex/base/ifthen.sty
Package: ifthen 2014/09/29 v1.1c Standard LaTeX ifthen package (DPC)
)
\c@r@tfl@t=\count97
\rotFPtop=\skip43
\rotFPbot=\skip44
\rot@float@box=\box28
\rot@mess@toks=\toks18
)
(/usr/share/texmf-dist/tex/latex/hyperref/hyperref.sty
Package: hyperref 2012/11/06 v6.83m Hypertext links for LaTeX

(/usr/share/texmf-dist/tex/generic/oberdiek/hobsub-hyperref.sty
Package: hobsub-hyperref 2012/05/28 v1.13 Bundle oberdiek, subset hyperref (HO)


(/usr/share/texmf-dist/tex/generic/oberdiek/hobsub-generic.sty
Package: hobsub-generic 2012/05/28 v1.13 Bundle oberdiek, subset generic (HO)
Package: hobsub 2012/05/28 v1.13 Construct package bundles (HO)
Package hobsub Info: Skipping package `infwarerr' (already loaded).
Package hobsub Info: Skipping package `ltxcmds' (already loaded).
Package: ifluatex 2010/03/01 v1.3 Provides the ifluatex switch (HO)
Package ifluatex Info: LuaTeX not detected.
Package: ifvtex 2010/03/01 v1.5 Detect VTeX and its facilities (HO)
Package ifvtex Info: VTeX not detected.
Package: intcalc 2007/09/27 v1.1 Expandable calculations with integers (HO)
Package: ifpdf 2011/01/30 v2.3 Provides the ifpdf switch (HO)
Package ifpdf Info: pdfTeX in PDF mode is detected.
Package: etexcmds 2011/02/16 v1.5 Avoid name clashes with e-TeX commands (HO)
Package etexcmds Info: Could not find \expanded.
(etexcmds)             That can mean that you are not using pdfTeX 1.50 or
(etexcmds)             that some package has redefined \expanded.
(etexcmds)             In the latter case, load this package earlier.
Package: kvsetkeys 2012/04/25 v1.16 Key value parser (HO)
Package: kvdefinekeys 2011/04/07 v1.3 Define keys (HO)
Package: pdftexcmds 2011/11/29 v0.20 Utility functions of pdfTeX for LuaTeX (HO
)
Package pdftexcmds Info: LuaTeX not detected.
Package pdftexcmds Info: \pdf@primitive is available.
Package pdftexcmds Info: \pdf@ifprimitive is available.
Package pdftexcmds Info: \pdfdraftmode found.
Package: pdfescape 2011/11/25 v1.13 Implements pdfTeX's escape features (HO)
Package: bigintcalc 2012/04/08 v1.3 Expandable calculations on big integers (HO
)
Package: bitset 2011/01/30 v1.1 Handle bit-vector datatype (HO)
Package: uniquecounter 2011/01/30 v1.2 Provide unlimited unique counter (HO)
)
Package hobsub Info: Skipping package `hobsub' (already loaded).
Package: letltxmacro 2010/09/02 v1.4 Let assignment for LaTeX macros (HO)
Package: hopatch 2012/05/28 v1.2 Wrapper for package hooks (HO)
Package: xcolor-patch 2011/01/30 xcolor patch
Package: atveryend 2011/06/30 v1.8 Hooks at the very end of document (HO)
Package atveryend Info: \enddocument detected (standard20110627).
Package: atbegshi 2011/10/05 v1.16 At begin shipout hook (HO)
Package: refcount 2011/10/16 v3.4 Data extraction from label references (HO)
Package: hycolor 2011/01/30 v1.7 Color options for hyperref/bookmark (HO)
)
(/usr/share/texmf-dist/tex/generic/ifxetex/ifxetex.sty
Package: ifxetex 2010/09/12 v0.6 Provides ifxetex conditional
)
(/usr/share/texmf-dist/tex/latex/oberdiek/auxhook.sty
Package: auxhook 2011/03/04 v1.3 Hooks for auxiliary files (HO)
)
(/usr/share/texmf-dist/tex/latex/oberdiek/kvoptions.sty
Package: kvoptions 2011/06/30 v3.11 Key value format for package options (HO)
)
\@linkdim=\dimen110
\Hy@linkcounter=\count98
\Hy@pagecounter=\count99

(/usr/share/texmf-dist/tex/latex/hyperref/pd1enc.def
File: pd1enc.def 2012/11/06 v6.83m Hyperref: PDFDocEncoding definition (HO)
Now handling font encoding PD1 ...
... no UTF-8 mapping file for font encoding PD1
)
\Hy@SavedSpaceFactor=\count100

(/usr/share/texmf-dist/tex/latex/latexconfig/hyperref.cfg
File: hyperref.cfg 2002/06/06 v1.2 hyperref configuration of TeXLive
)
Package hyperref Info: Hyper figures OFF on input line 4443.
Package hyperref Info: Link nesting OFF on input line 4448.
Package hyperref Info: Hyper index ON on input line 4451.
Package hyperref Info: Plain pages OFF on input line 4458.
Package hyperref Info: Backreferencing OFF on input line 4463.
Package hyperref Info: Implicit mode ON; LaTeX internals redefined.
Package hyperref Info: Bookmarks ON on input line 4688.
\c@Hy@tempcnt=\count101

(/usr/share/texmf-dist/tex/latex/url/url.sty
\Urlmuskip=\muskip10
Package: url 2013/09/16  ver 3.4  Verb mode for urls, etc.
)
LaTeX Info: Redefining \url on input line 5041.
\XeTeXLinkMargin=\dimen111
\Fld@menulength=\count102
\Field@Width=\dimen112
\Fld@charsize=\dimen113
Package hyperref Info: Hyper figures OFF on input line 6295.
Package hyperref Info: Link nesting OFF on input line 6300.
Package hyperref Info: Hyper index ON on input line 6303.
Package hyperref Info: backreferencing OFF on input line 6310.
Package hyperref Info: Link coloring OFF on input line 6315.
Package hyperref Info: Link coloring with OCG OFF on input line 6320.
Package hyperref Info: PDF/A mode OFF on input line 6325.
LaTeX Info: Redefining \ref on input line 6365.
LaTeX Info: Redefining \pageref on input line 6369.
\Hy@abspage=\count103
\c@Item=\count104
\c@Hfootnote=\count105
)

Package hyperref Message: Driver (autodetected): hpdftex.

(/usr/share/texmf-dist/tex/latex/hyperref/hpdftex.def
File: hpdftex.def 2012/11/06 v6.83m Hyperref driver for pdfTeX
\Fld@listcount=\count106
\c@bookmark@seq@number=\count107

(/usr/share/texmf-dist/tex/latex/oberdiek/rerunfilecheck.sty
Package: rerunfilecheck 2011/04/15 v1.7 Rerun checks for auxiliary files (HO)
Package uniquecounter Info: New unique counter `rerunfilecheck' on input line 2
82.
)
\Hy@SectionHShift=\skip45
)
(/usr/share/texmf-dist/tex/latex/oberdiek/grffile.sty
Package: grffile 2012/04/05 v1.16 Extended file name support for graphics (HO)
Package grffile Info: Option `multidot' is set to `true'.
Package grffile Info: Option `extendedchars' is set to `false'.
Package grffile Info: Option `space' is set to `true'.
Package grffile Info: \Gin@ii of package `graphicx' fixed on input line 486.
)
(./custom_style/algpseudocode.sty

LaTeX Warning: You have requested package `custom_style/algpseudocode',
               but the package provides `algpseudocode'.

Package: algpseudocode 
(./custom_style/algorithmicx.sty

LaTeX Warning: You have requested package `custom_style/algorithmicx',
               but the package provides `algorithmicx'.

Package: algorithmicx 2005/04/27 v1.2 Algorithmicx
Document Style algorithmicx 1.2 - a greatly improved `algorithmic' style
\c@ALG@line=\count108
\c@ALG@rem=\count109
\c@ALG@nested=\count110
\ALG@tlm=\skip46
\ALG@thistlm=\skip47
\c@ALG@Lnr=\count111
\c@ALG@blocknr=\count112
\c@ALG@storecount=\count113
\c@ALG@tmpcounter=\count114
\ALG@tmplength=\skip48
)
Document Style - pseudocode environments for use with the `algorithmicx' style
) (/usr/share/texmf-dist/tex/latex/amsmath/amsmath.sty
Package: amsmath 2013/01/14 v2.14 AMS math features
\@mathmargin=\skip49

For additional information on amsmath, use the `?' option.
(/usr/share/texmf-dist/tex/latex/amsmath/amstext.sty
Package: amstext 2000/06/29 v2.01

(/usr/share/texmf-dist/tex/latex/amsmath/amsgen.sty
File: amsgen.sty 1999/11/30 v2.0
\@emptytoks=\toks19
\ex@=\dimen114
))
(/usr/share/texmf-dist/tex/latex/amsmath/amsbsy.sty
Package: amsbsy 1999/11/29 v1.2d
\pmbraise@=\dimen115
)
(/usr/share/texmf-dist/tex/latex/amsmath/amsopn.sty
Package: amsopn 1999/12/14 v2.01 operator names
)
\inf@bad=\count115
LaTeX Info: Redefining \frac on input line 210.
\uproot@=\count116
\leftroot@=\count117
LaTeX Info: Redefining \overline on input line 306.
\classnum@=\count118
\DOTSCASE@=\count119
LaTeX Info: Redefining \ldots on input line 378.
LaTeX Info: Redefining \dots on input line 381.
LaTeX Info: Redefining \cdots on input line 466.
\Mathstrutbox@=\box29
\strutbox@=\box30
\big@size=\dimen116
LaTeX Font Info:    Redeclaring font encoding OML on input line 566.
LaTeX Font Info:    Redeclaring font encoding OMS on input line 567.
\macc@depth=\count120
\c@MaxMatrixCols=\count121
\dotsspace@=\muskip11
\c@parentequation=\count122
\dspbrk@lvl=\count123
\tag@help=\toks20
\row@=\count124
\column@=\count125
\maxfields@=\count126
\andhelp@=\toks21
\eqnshift@=\dimen117
\alignsep@=\dimen118
\tagshift@=\dimen119
\tagwidth@=\dimen120
\totwidth@=\dimen121
\lineht@=\dimen122
\@envbody=\toks22
\multlinegap=\skip50
\multlinetaggap=\skip51
\mathdisplay@stack=\toks23
LaTeX Info: Redefining \[ on input line 2665.
LaTeX Info: Redefining \] on input line 2666.
)
(/usr/share/texmf-dist/tex/latex/tools/array.sty
Package: array 2014/10/28 v2.4c Tabular extension package (FMi)
\col@sep=\dimen123
\extrarowheight=\dimen124
\NC@list=\toks24
\extratabsurround=\skip52
\backup@length=\skip53
)
(/usr/share/texmf-dist/tex/latex/tools/longtable.sty
Package: longtable 2014/10/28 v4.11 Multi-page Table package (DPC)
\LTleft=\skip54
\LTright=\skip55
\LTpre=\skip56
\LTpost=\skip57
\LTchunksize=\count127
\LTcapwidth=\dimen125
\LT@head=\box31
\LT@firsthead=\box32
\LT@foot=\box33
\LT@lastfoot=\box34
\LT@cols=\count128
\LT@rows=\count129
\c@LT@tables=\count130
\c@LT@chunks=\count131
\LT@p@ftn=\toks25
) (./Design_Document.aux)
\openout1 = `Design_Document.aux'.

LaTeX Font Info:    Checking defaults for OML/cmm/m/it on input line 22.
LaTeX Font Info:    ... okay on input line 22.
LaTeX Font Info:    Checking defaults for T1/cmr/m/n on input line 22.
LaTeX Font Info:    ... okay on input line 22.
LaTeX Font Info:    Checking defaults for OT1/cmr/m/n on input line 22.
LaTeX Font Info:    ... okay on input line 22.
LaTeX Font Info:    Checking defaults for OMS/cmsy/m/n on input line 22.
LaTeX Font Info:    ... okay on input line 22.
LaTeX Font Info:    Checking defaults for OMX/cmex/m/n on input line 22.
LaTeX Font Info:    ... okay on input line 22.
LaTeX Font Info:    Checking defaults for U/cmr/m/n on input line 22.
LaTeX Font Info:    ... okay on input line 22.
LaTeX Font Info:    Checking defaults for PD1/pdf/m/n on input line 22.
LaTeX Font Info:    ... okay on input line 22.

(/usr/share/texmf-dist/tex/context/base/supp-pdf.mkii
[Loading MPS to PDF converter (version 2006.09.02).]
\scratchcounter=\count132
\scratchdimen=\dimen126
\scratchbox=\box35
\nofMPsegments=\count133
\nofMParguments=\count134
\everyMPshowfont=\toks26
\MPscratchCnt=\count135
\MPscratchDim=\dimen127
\MPnumerator=\count136
\makeMPintoPDFobject=\count137
\everyMPtoPDFconversion=\toks27
) (/usr/share/texmf-dist/tex/latex/oberdiek/epstopdf-base.sty
Package: epstopdf-base 2010/02/09 v2.5 Base part for package epstopdf

(/usr/share/texmf-dist/tex/latex/oberdiek/grfext.sty
Package: grfext 2010/08/19 v1.1 Manage graphics extensions (HO)
)
Package grfext Info: Graphics extension search list:
(grfext)             [.png,.pdf,.jpg,.mps,.jpeg,.jbig2,.jb2,.PNG,.PDF,.JPG,.JPE
G,.JBIG2,.JB2,.eps]
(grfext)             \AppendGraphicsExtensions on input line 452.

(/usr/share/texmf-dist/tex/latex/latexconfig/epstopdf-sys.cfg
File: epstopdf-sys.cfg 2010/07/13 v1.3 Configuration of (r)epstopdf for TeX Liv
e
))
\c@lstlisting=\count138
\AtBeginShipoutBox=\box36
Package hyperref Info: Link coloring OFF on input line 22.

(/usr/share/texmf-dist/tex/latex/hyperref/nameref.sty
Package: nameref 2012/10/27 v2.43 Cross-referencing by name of section

(/usr/share/texmf-dist/tex/generic/oberdiek/gettitlestring.sty
Package: gettitlestring 2010/12/03 v1.4 Cleanup title references (HO)
)
\c@section@level=\count139
)
LaTeX Info: Redefining \ref on input line 22.
LaTeX Info: Redefining \pageref on input line 22.
LaTeX Info: Redefining \nameref on input line 22.

(./Design_Document.out) (./Design_Document.out)
\@outlinefile=\write3
\openout3 = `Design_Document.out'.

 [1

{/var/lib/texmf/fonts/map/pdftex/updmap/pdftex.map}] (./Design_Document.tocpdfT
eX warning (ext4): destination with the same identifier (name{page.1}) has been
 already used, duplicate ignored
<to be read again> 
                   \relax 
l.31 ...Requirements Traceability}{29}{chapter*.6}
                                                   [1

])
\tf@toc=\write4
\openout4 = `Design_Document.toc'.

 [2]
(./chapters/Introduction.tex
LaTeX Font Info:    Try loading font information for OMS+cmr on input line 15.
 (/usr/share/texmf-dist/tex/latex/base/omscmr.fd
File: omscmr.fd 2014/09/29 v2.5h Standard LaTeX font definitions
)
LaTeX Font Info:    Font shape `OMS/cmr/m/n' in size <10.95> not available
(Font)              Font shape `OMS/cmsy/m/n' tried instead on input line 15.

[3

]) [4] (./chapters/Architectural_design.tex [5

]
<UML/Diagramma1.png, id=200, 1149.29375pt x 919.435pt>
File: UML/Diagramma1.png Graphic file (type png)

<use UML/Diagramma1.png>
Package pdftex.def Info: UML/Diagramma1.png used on input line 15.
(pdftex.def)             Requested size: 512.1619pt x 569.08981pt.

Overfull \hbox (97.68973pt too wide) in paragraph at lines 14--16
 |  [] 
 []

[6 <./UML/Diagramma1.png>] [7] [8] [9]
<Sequence Diagrams/successfully_registration.png, id=220, 698.61pt x 598.235pt>
File: Sequence Diagrams/successfully_registration.png Graphic file (type png)
<use Sequence Diagrams/successfully_registration.png>
Package pdftex.def Info: Sequence Diagrams/successfully_registration.png used o
n input line 85.
(pdftex.def)             Requested size: 349.30414pt x 299.11676pt.
 [10 <./Sequence Diagrams/successfully_registration.png>]
<Sequence Diagrams/login.png, id=227, 698.61pt x 598.235pt>
File: Sequence Diagrams/login.png Graphic file (type png)

<use Sequence Diagrams/login.png>
Package pdftex.def Info: Sequence Diagrams/login.png used on input line 91.
(pdftex.def)             Requested size: 349.30414pt x 299.11676pt.
 [11 <./Sequence Diagrams/login.png>]
<Sequence Diagrams/successfully_taxi_request.png, id=234, 925.4575pt x 598.235p
t>
File: Sequence Diagrams/successfully_taxi_request.png Graphic file (type png)
 <use Sequence Diagrams/successfully_taxi_request.png>
Package pdftex.def Info: Sequence Diagrams/successfully_taxi_request.png used o
n input line 97.
(pdftex.def)             Requested size: 462.72762pt x 299.11676pt.

Overfull \hbox (102.72762pt too wide) in paragraph at lines 97--98
 [][] 
 []

[12 <./Sequence Diagrams/successfully_taxi_request.png>]
<Sequence Diagrams/Shared_ride.png, id=242, 821.0675pt x 483.8075pt>
File: Sequence Diagrams/Shared_ride.png Graphic file (type png)

<use Sequence Diagrams/Shared_ride.png>
Package pdftex.def Info: Sequence Diagrams/Shared_ride.png used on input line 1
03.
(pdftex.def)             Requested size: 410.53275pt x 241.90315pt.

Overfull \hbox (50.53275pt too wide) in paragraph at lines 103--104
 [][] 
 []

[13 <./Sequence Diagrams/Shared_ride.png>]
<Sequence Diagrams/refuse_call.png, id=249, 698.61pt x 483.8075pt>
File: Sequence Diagrams/refuse_call.png Graphic file (type png)

<use Sequence Diagrams/refuse_call.png>
Package pdftex.def Info: Sequence Diagrams/refuse_call.png used on input line 1
09.
(pdftex.def)             Requested size: 349.30414pt x 241.90315pt.
 [14 <./Sequence Diagrams/refuse_call.png>]
<Sequence Diagrams/change_taxi_position.png, id=256, 821.0675pt x 483.8075pt>
File: Sequence Diagrams/change_taxi_position.png Graphic file (type png)

<use Sequence Diagrams/change_taxi_position.png>
Package pdftex.def Info: Sequence Diagrams/change_taxi_position.png used on inp
ut line 115.
(pdftex.def)             Requested size: 410.53275pt x 241.90315pt.

Overfull \hbox (50.53275pt too wide) in paragraph at lines 115--116
 [][] 
 []

[15 <./Sequence Diagrams/change_taxi_position.png>]
<Sequence Diagrams/MVC_reserve_taxi.png, id=263, 1094.0875pt x 588.1975pt>
File: Sequence Diagrams/MVC_reserve_taxi.png Graphic file (type png)

<use Sequence Diagrams/MVC_reserve_taxi.png>
Package pdftex.def Info: Sequence Diagrams/MVC_reserve_taxi.png used on input l
ine 122.
(pdftex.def)             Requested size: 547.0424pt x 294.09802pt.

Overfull \hbox (187.0424pt too wide) in paragraph at lines 122--123
 [][] 
 []

[16 <./Sequence Diagrams/MVC_reserve_taxi.png>]
<Sequence Diagrams/MVC_Shared_ride.png, id=270, 894.34125pt x 588.1975pt>
File: Sequence Diagrams/MVC_Shared_ride.png Graphic file (type png)

<use Sequence Diagrams/MVC_Shared_ride.png>
Package pdftex.def Info: Sequence Diagrams/MVC_Shared_ride.png used on input li
ne 128.
(pdftex.def)             Requested size: 447.16953pt x 294.09802pt.

Overfull \hbox (87.16953pt too wide) in paragraph at lines 128--129
 [][] 
 []

[17 <./Sequence Diagrams/MVC_Shared_ride.png>]
Overfull \hbox (42.40814pt too wide) in paragraph at lines 159--159
[] \OT1/cmtt/m/n/10.95 https://api.mytaxiservice.com/request-ride/nonshared/<pa
ssengername>/[] 
 []


Overfull \hbox (13.6647pt too wide) in paragraph at lines 159--159
[] \OT1/cmtt/m/n/10.95 https://api.mytaxiservice.com/list-calls/active/<passeng
ername>/[] 
 []

[18] <../../architecture/architecture.png, id=284, 1214.5375pt x 753.81625pt>
File: ../../architecture/architecture.png Graphic file (type png)

<use ../../architecture/architecture.png>
Package pdftex.def Info: ../../architecture/architecture.png used on input line
 188.
(pdftex.def)             Requested size: 425.0945pt x 263.83965pt.

Overfull \hbox (65.0945pt too wide) in paragraph at lines 188--189
 [][] 
 []

) [19 <../../architecture/architecture.png>] (./chapters/Algorithm_design.tex
Overfull \hbox (5.6825pt too wide) in paragraph at lines 34--35
[] \OT1/cmr/bx/n/10.95 if $\OML/cmm/m/it/10.95 ride:fromZone \OT1/cmr/m/n/10.95
 == \OML/cmm/m/it/10.95 fromZone$ \OT1/cmr/m/n/10.95 AND $\OML/cmm/m/it/10.95 r
ide:toZone \OT1/cmr/m/n/10.95 == \OML/cmm/m/it/10.95 toZone$
 []

[20

]

! Package inputenc Error: Unicode char € (U+20AC)
(inputenc)                not set up for use with LaTeX.

See the inputenc package documentation for explanation.
Type  H <return>  for immediate help.
 ...                                              
                                                  
l.81 \end{align*}
                 
Your command was ignored.
Type  I <command> <return>  to replace it with another command,
or  <return>  to continue without it.


! Package inputenc Error: Unicode char € (U+20AC)
(inputenc)                not set up for use with LaTeX.

See the inputenc package documentation for explanation.
Type  H <return>  for immediate help.
 ...                                              
                                                  
l.81 \end{align*}
                 
Your command was ignored.
Type  I <command> <return>  to replace it with another command,
or  <return>  to continue without it.

) [21] (./chapters/ui_design.tex
<../RASD/ui/sequencelogin.png, id=305, 451.6875pt x 825.0825pt>
File: ../RASD/ui/sequencelogin.png Graphic file (type png)

<use ../RASD/ui/sequencelogin.png>
Package pdftex.def Info: ../RASD/ui/sequencelogin.png used on input line 13.
(pdftex.def)             Requested size: 225.84319pt x 412.54024pt.


LaTeX Warning: `h' float specifier changed to `ht'.

<../RASD/ui/Passenger map screen.png, id=306, 451.6875pt x 825.0825pt>
File: ../RASD/ui/Passenger map screen.png Graphic file (type png)

<use ../RASD/ui/Passenger map screen.png>
Package pdftex.def Info: ../RASD/ui/Passenger map screen.png used on input line
 19.
(pdftex.def)             Requested size: 225.84319pt x 412.54024pt.


LaTeX Warning: `h' float specifier changed to `ht'.

<../RASD/ui/Passenger call list detail.png, id=307, 451.6875pt x 825.0825pt>
File: ../RASD/ui/Passenger call list detail.png Graphic file (type png)

<use ../RASD/ui/Passenger call list detail.png>
Package pdftex.def Info: ../RASD/ui/Passenger call list detail.png used on inpu
t line 25.
(pdftex.def)             Requested size: 225.84319pt x 412.54024pt.


LaTeX Warning: `h' float specifier changed to `ht'.

<../RASD/ui/Driver Idle screen.png, id=308, 451.6875pt x 825.0825pt>
File: ../RASD/ui/Driver Idle screen.png Graphic file (type png)

<use ../RASD/ui/Driver Idle screen.png>
Package pdftex.def Info: ../RASD/ui/Driver Idle screen.png used on input line 3
2.
(pdftex.def)             Requested size: 225.84319pt x 412.54024pt.


LaTeX Warning: `h' float specifier changed to `ht'.

<../RASD/ui/Driver new call dialog.png, id=309, 451.6875pt x 825.0825pt>
File: ../RASD/ui/Driver new call dialog.png Graphic file (type png)

<use ../RASD/ui/Driver new call dialog.png>
Package pdftex.def Info: ../RASD/ui/Driver new call dialog.png used on input li
ne 38.
(pdftex.def)             Requested size: 225.84319pt x 412.54024pt.


LaTeX Warning: `h' float specifier changed to `ht'.

<../RASD/ui/Driver shared fee dialog.png, id=310, 451.6875pt x 825.0825pt>
File: ../RASD/ui/Driver shared fee dialog.png Graphic file (type png)

<use ../RASD/ui/Driver shared fee dialog.png>
Package pdftex.def Info: ../RASD/ui/Driver shared fee dialog.png used on input 
line 45.
(pdftex.def)             Requested size: 225.84319pt x 412.54024pt.


LaTeX Warning: `h' float specifier changed to `ht'.

) [22

] [23 <../RASD/ui/sequencelogin.png>] [24 <../RASD/ui/Passenger map screen.png>
] [25 <../RASD/ui/Passenger call list detail.png>] [26 <../RASD/ui/Driver Idle 
screen.png>] [27 <../RASD/ui/Driver new call dialog.png>] [28 <../RASD/ui/Drive
r shared fee dialog.png>] (./chapters/Requirements_traceability.tex
Overfull \hbox (47.48578pt too wide) in alignment at lines 22--26
 [] [] [] 
 []


Underfull \hbox (badness 2460) in paragraph at lines 27--29
[]|\OT1/cmr/m/n/10.95 2.3.1 User-in-ter-face, Ac-tion,
 []


Underfull \hbox (badness 2460) in paragraph at lines 30--32
[]|\OT1/cmr/m/n/10.95 2.3.1 User-in-ter-face, Ac-tion,
 []


Underfull \hbox (badness 2460) in paragraph at lines 33--33
[]|\OT1/cmr/m/n/10.95 2.3.1 User-in-ter-face, Ac-tion,
 []


Underfull \hbox (badness 2460) in paragraph at lines 34--35
[]|\OT1/cmr/m/n/10.95 2.3.1 User-in-ter-face, Ac-tion,
 []


Underfull \hbox (badness 10000) in paragraph at lines 36--36
[]|\OT1/cmr/m/n/10.95 2.3.2 Server-net-work-in-ter-
 []


Underfull \hbox (badness 1565) in paragraph at lines 37--37
[]|\OT1/cmr/m/n/10.95 2.3.2 Con-troller, Rides-man-
 []


Underfull \hbox (badness 1565) in paragraph at lines 39--39
[]|\OT1/cmr/m/n/10.95 2.3.2 Con-troller, Rides-man-
 []


Underfull \hbox (badness 1354) in paragraph at lines 41--42
[]|\OT1/cmr/m/n/10.95 2.3.2 Server-net-work-in-ter-face,
 []


Underfull \hbox (badness 10000) in paragraph at lines 41--42
\OT1/cmr/m/n/10.95 Con-troller, Rides-man-ager,
 []


Underfull \hbox (badness 2653) in paragraph at lines 43--44
\OT1/cmr/m/n/10.95 2.3.2 Con-troller, Server-net-
 []


Underfull \hbox (badness 1354) in paragraph at lines 47--47
[]|\OT1/cmr/m/n/10.95 2.3.2 Server-net-work-in-ter-face,
 []


Underfull \hbox (badness 10000) in paragraph at lines 47--47
\OT1/cmr/m/n/10.95 Con-troller, Rides-man-ager,
 []


Underfull \hbox (badness 1527) in paragraph at lines 48--48
[]|\OT1/cmr/m/n/10.95 2.3.2 Pas-sen-ger, Taxidriver,
 []


Underfull \hbox (badness 1354) in paragraph at lines 52--53
[]|\OT1/cmr/m/n/10.95 2.3.2 Server-net-work-in-ter-face,
 []


Underfull \hbox (badness 10000) in paragraph at lines 52--53
\OT1/cmr/m/n/10.95 Con-troller, Rides-man-ager,
 []


Underfull \hbox (badness 10000) in paragraph at lines 52--53
\OT1/cmr/m/n/10.95 3.2.1 share-dRequest, find-
 []


Underfull \hbox (badness 1565) in paragraph at lines 55--57
[]|\OT1/cmr/m/n/10.95 2.3.2 Con-troller, Rides-man-
 []


Underfull \hbox (badness 10000) in paragraph at lines 58--59
[]|\OT1/cmr/m/n/10.95 2.3.2 Rides-man-ager,
 []


Underfull \hbox (badness 1565) in paragraph at lines 66--66
[]|\OT1/cmr/m/n/10.95 2.3.2 Con-troller, Rides-man-
 []


Underfull \hbox (badness 1354) in paragraph at lines 68--68
[]|\OT1/cmr/m/n/10.95 2.3.2 Server-net-work-in-ter-face,
 []


Overfull \hbox (47.48578pt too wide) in alignment at lines 26--68
 [] [] [] 
 []

[29

]
Underfull \hbox (badness 1354) in paragraph at lines 69--69
[]|\OT1/cmr/m/n/10.95 2.3.2 Server-net-work-in-ter-face,
 []


Underfull \hbox (badness 7238) in paragraph at lines 71--73
[]|\OT1/cmr/m/n/10.95 2.3.1 User-in-ter-face, Ac-tiv-
 []


Underfull \hbox (badness 1354) in paragraph at lines 71--73
\OT1/cmr/m/n/10.95 2.3.2 Server-net-work-in-ter-face,
 []


Underfull \hbox (badness 1354) in paragraph at lines 76--76
[]|\OT1/cmr/m/n/10.95 2.3.2 Server-net-work-in-ter-face,
 []


Underfull \hbox (badness 1565) in paragraph at lines 78--78
[]|\OT1/cmr/m/n/10.95 2.3.2 Con-troller, Rides-man-
 []


Underfull \hbox (badness 1565) in paragraph at lines 80--80
[]|\OT1/cmr/m/n/10.95 2.3.2 Con-troller, Rides-man-
 []


Underfull \hbox (badness 2460) in paragraph at lines 83--83
[]|\OT1/cmr/m/n/10.95 2.3.1 User-in-ter-face, Ac-tion,
 []


Underfull \hbox (badness 2653) in paragraph at lines 85--86
\OT1/cmr/m/n/10.95 2.3.2 Con-troller, Server-net-
 []


Underfull \hbox (badness 2460) in paragraph at lines 87--89
[]|\OT1/cmr/m/n/10.95 2.3.1 User-in-ter-face, Ac-tion,
 []


Underfull \hbox (badness 1354) in paragraph at lines 87--89
\OT1/cmr/m/n/10.95 2.3.2 Server-net-work-in-ter-face,
 []


Underfull \hbox (badness 10000) in paragraph at lines 87--89
\OT1/cmr/m/n/10.95 Con-troller, Rides-man-ager,
 []


Underfull \hbox (badness 1565) in paragraph at lines 90--90
[]|\OT1/cmr/m/n/10.95 2.3.2 Con-troller, Rides-man-
 []


Underfull \hbox (badness 1565) in paragraph at lines 92--92
[]|\OT1/cmr/m/n/10.95 2.3.2 Con-troller, Rides-man-
 []


Underfull \hbox (badness 2460) in paragraph at lines 93--94
[]|\OT1/cmr/m/n/10.95 2.3.1 User-in-ter-face, Ac-tion,
 []


Underfull \hbox (badness 1354) in paragraph at lines 93--94
\OT1/cmr/m/n/10.95 2.3.2 Server-net-work-in-ter-face,
 []


Underfull \hbox (badness 10000) in paragraph at lines 95--95
[]|\OT1/cmr/m/n/10.95 2.3.2 Rides-man-ager, Con-
 []


Underfull \hbox (badness 1888) in paragraph at lines 102--103
[]|\OT1/cmr/m/n/10.95 The sys-tem must refuse re-ports
 []


Underfull \hbox (badness 3635) in paragraph at lines 104--105
[]|\OT1/cmr/m/n/10.95 When the sys-tem refuse a re-
 []


Underfull \hbox (badness 1354) in paragraph at lines 105--106
\OT1/cmr/m/n/10.95 2.3.2 Server-net-work-in-ter-face,
 []


Overfull \hbox (47.48578pt too wide) in alignment at lines 68--107
 [] [] [] 
 []

[30] [31] [32] [33]) [34]
Package atveryend Info: Empty hook `BeforeClearDocument' on input line 62.
 [35

]
Package atveryend Info: Empty hook `AfterLastShipout' on input line 62.
 (./Design_Document.aux)
Package atveryend Info: Executing hook `AtVeryEndDocument' on input line 62.
Package atveryend Info: Executing hook `AtEndAfterFileList' on input line 62.
Package rerunfilecheck Info: File `Design_Document.out' has not changed.
(rerunfilecheck)             Checksum: 69EBDF0D46B920B8E3E4386737996BD4;2090.
Package atveryend Info: Empty hook `AtVeryVeryEnd' on input line 62.
 ) 
Here is how much of TeX's memory you used:
 8241 strings out of 493054
 118591 string characters out of 6140585
 239219 words of memory out of 5000000
 11565 multiletter control sequences out of 15000+600000
 12801 words of font info for 46 fonts, out of 8000000 for 9000
 1141 hyphenation exceptions out of 8191
 29i,16n,32p,291b,475s stack positions out of 5000i,500n,10000p,200000b,80000s
</usr/share/texmf-dist/fonts/type1/public/amsfonts/cm/cmbx10.pfb></usr/share/
texmf-dist/fonts/type1/public/amsfonts/cm/cmbx12.pfb></usr/share/texmf-dist/fon
ts/type1/public/amsfonts/cm/cmcsc10.pfb></usr/share/texmf-dist/fonts/type1/publ
ic/amsfonts/cm/cmex10.pfb></usr/share/texmf-dist/fonts/type1/public/amsfonts/cm
/cmmi10.pfb></usr/share/texmf-dist/fonts/type1/public/amsfonts/cm/cmmi8.pfb></u
sr/share/texmf-dist/fonts/type1/public/amsfonts/cm/cmr10.pfb></usr/share/texmf-
dist/fonts/type1/public/amsfonts/cm/cmr12.pfb></usr/share/texmf-dist/fonts/type
1/public/amsfonts/cm/cmr6.pfb></usr/share/texmf-dist/fonts/type1/public/amsfont
s/cm/cmr8.pfb></usr/share/texmf-dist/fonts/type1/public/amsfonts/cm/cmr9.pfb></
usr/share/texmf-dist/fonts/type1/public/amsfonts/cm/cmsy10.pfb></usr/share/texm
f-dist/fonts/type1/public/amsfonts/cm/cmti10.pfb></usr/share/texmf-dist/fonts/t
ype1/public/amsfonts/cm/cmtt10.pfb>
Output written on Design_Document.pdf (36 pages, 1304129 bytes).
PDF statistics:
 449 PDF objects out of 1000 (max. 8388607)
 361 compressed objects within 4 object streams
 86 named destinations out of 1000 (max. 500000)
 337 words of extra memory for PDF output out of 10000 (max. 10000000)

