\BOOKMARK [0][-]{chapter*.2}{Introduction}{}% 1
\BOOKMARK [1][-]{section.1.1}{Purpose}{chapter*.2}% 2
\BOOKMARK [1][-]{section.1.2}{Scope}{chapter*.2}% 3
\BOOKMARK [1][-]{section.1.3}{Domain properties}{chapter*.2}% 4
\BOOKMARK [1][-]{section.1.4}{Goals}{chapter*.2}% 5
\BOOKMARK [1][-]{section.1.5}{Definitions, Acronyms and Abbreviations}{chapter*.2}% 6
\BOOKMARK [1][-]{section.1.6}{Reference documents}{chapter*.2}% 7
\BOOKMARK [1][-]{section.1.7}{Overview}{chapter*.2}% 8
\BOOKMARK [0][-]{chapter*.3}{Overall description}{}% 9
\BOOKMARK [1][-]{section.2.1}{Product perspective}{chapter*.3}% 10
\BOOKMARK [1][-]{section.2.2}{Constraints}{chapter*.3}% 11
\BOOKMARK [1][-]{section.2.3}{User characteristics}{chapter*.3}% 12
\BOOKMARK [1][-]{section.2.4}{Assumptions}{chapter*.3}% 13
\BOOKMARK [0][-]{chapter*.4}{Specific requirements}{}% 14
\BOOKMARK [1][-]{section.3.1}{External interface requirements}{chapter*.4}% 15
\BOOKMARK [1][-]{section.3.2}{ Functional Requirements}{chapter*.4}% 16
\BOOKMARK [1][-]{section.3.3}{Scenarios}{chapter*.4}% 17
\BOOKMARK [1][-]{section.3.4}{Use cases}{chapter*.4}% 18
\BOOKMARK [1][-]{section.3.5}{Software system attribute}{chapter*.4}% 19
\BOOKMARK [2][-]{subsection.3.5.1}{Reliability}{section.3.5}% 20
\BOOKMARK [2][-]{subsection.3.5.2}{Availability}{section.3.5}% 21
\BOOKMARK [2][-]{subsection.3.5.3}{Security}{section.3.5}% 22
\BOOKMARK [2][-]{subsection.3.5.4}{Maintainability}{section.3.5}% 23
\BOOKMARK [2][-]{subsection.3.5.5}{Portability}{section.3.5}% 24
\BOOKMARK [0][-]{chapter*.5}{Appendix}{}% 25
\BOOKMARK [1][-]{section.4.1}{Alloy}{chapter*.5}% 26
\BOOKMARK [1][-]{section.4.2}{Generated world}{chapter*.5}% 27
