This is pdfTeX, Version 3.14159265-2.6-1.40.15 (MiKTeX 2.9 64-bit) (preloaded format=pdflatex 2015.11.4)  6 NOV 2015 18:42
entering extended mode
**C:/Users/lidia/Documents/GitHub/TaxiServiceSE2/TaxiServiceSE2/latex/RASD/RASD
.tex

(C:/Users/lidia/Documents/GitHub/TaxiServiceSE2/TaxiServiceSE2/latex/RASD/RASD.
tex
LaTeX2e <2014/05/01>
Babel <3.9l> and hyphenation patterns for 68 languages loaded.
("C:\Program Files\MiKTeX 2.9\tex\latex\base\report.cls"
Document Class: report 2014/09/29 v1.4h Standard LaTeX document class
("C:\Program Files\MiKTeX 2.9\tex\latex\base\size11.clo"
File: size11.clo 2014/09/29 v1.4h Standard LaTeX file (size option)
)
\c@part=\count79
\c@chapter=\count80
\c@section=\count81
\c@subsection=\count82
\c@subsubsection=\count83
\c@paragraph=\count84
\c@subparagraph=\count85
\c@figure=\count86
\c@table=\count87
\abovecaptionskip=\skip41
\belowcaptionskip=\skip42
\bibindent=\dimen102
)
("C:\Program Files\MiKTeX 2.9\tex\latex\base\inputenc.sty"
Package: inputenc 2014/04/30 v1.2b Input encoding file
\inpenc@prehook=\toks14
\inpenc@posthook=\toks15

("C:\Program Files\MiKTeX 2.9\tex\latex\base\utf8.def"
File: utf8.def 2014/09/29 v1.1m UTF-8 support for inputenc
Now handling font encoding OML ...
... no UTF-8 mapping file for font encoding OML
Now handling font encoding T1 ...
... processing UTF-8 mapping file for font encoding T1

("C:\Program Files\MiKTeX 2.9\tex\latex\base\t1enc.dfu"
File: t1enc.dfu 2014/09/29 v1.1m UTF-8 support for inputenc
   defining Unicode char U+00A1 (decimal 161)
   defining Unicode char U+00A3 (decimal 163)
   defining Unicode char U+00AB (decimal 171)
   defining Unicode char U+00BB (decimal 187)
   defining Unicode char U+00BF (decimal 191)
   defining Unicode char U+00C0 (decimal 192)
   defining Unicode char U+00C1 (decimal 193)
   defining Unicode char U+00C2 (decimal 194)
   defining Unicode char U+00C3 (decimal 195)
   defining Unicode char U+00C4 (decimal 196)
   defining Unicode char U+00C5 (decimal 197)
   defining Unicode char U+00C6 (decimal 198)
   defining Unicode char U+00C7 (decimal 199)
   defining Unicode char U+00C8 (decimal 200)
   defining Unicode char U+00C9 (decimal 201)
   defining Unicode char U+00CA (decimal 202)
   defining Unicode char U+00CB (decimal 203)
   defining Unicode char U+00CC (decimal 204)
   defining Unicode char U+00CD (decimal 205)
   defining Unicode char U+00CE (decimal 206)
   defining Unicode char U+00CF (decimal 207)
   defining Unicode char U+00D0 (decimal 208)
   defining Unicode char U+00D1 (decimal 209)
   defining Unicode char U+00D2 (decimal 210)
   defining Unicode char U+00D3 (decimal 211)
   defining Unicode char U+00D4 (decimal 212)
   defining Unicode char U+00D5 (decimal 213)
   defining Unicode char U+00D6 (decimal 214)
   defining Unicode char U+00D8 (decimal 216)
   defining Unicode char U+00D9 (decimal 217)
   defining Unicode char U+00DA (decimal 218)
   defining Unicode char U+00DB (decimal 219)
   defining Unicode char U+00DC (decimal 220)
   defining Unicode char U+00DD (decimal 221)
   defining Unicode char U+00DE (decimal 222)
   defining Unicode char U+00DF (decimal 223)
   defining Unicode char U+00E0 (decimal 224)
   defining Unicode char U+00E1 (decimal 225)
   defining Unicode char U+00E2 (decimal 226)
   defining Unicode char U+00E3 (decimal 227)
   defining Unicode char U+00E4 (decimal 228)
   defining Unicode char U+00E5 (decimal 229)
   defining Unicode char U+00E6 (decimal 230)
   defining Unicode char U+00E7 (decimal 231)
   defining Unicode char U+00E8 (decimal 232)
   defining Unicode char U+00E9 (decimal 233)
   defining Unicode char U+00EA (decimal 234)
   defining Unicode char U+00EB (decimal 235)
   defining Unicode char U+00EC (decimal 236)
   defining Unicode char U+00ED (decimal 237)
   defining Unicode char U+00EE (decimal 238)
   defining Unicode char U+00EF (decimal 239)
   defining Unicode char U+00F0 (decimal 240)
   defining Unicode char U+00F1 (decimal 241)
   defining Unicode char U+00F2 (decimal 242)
   defining Unicode char U+00F3 (decimal 243)
   defining Unicode char U+00F4 (decimal 244)
   defining Unicode char U+00F5 (decimal 245)
   defining Unicode char U+00F6 (decimal 246)
   defining Unicode char U+00F8 (decimal 248)
   defining Unicode char U+00F9 (decimal 249)
   defining Unicode char U+00FA (decimal 250)
   defining Unicode char U+00FB (decimal 251)
   defining Unicode char U+00FC (decimal 252)
   defining Unicode char U+00FD (decimal 253)
   defining Unicode char U+00FE (decimal 254)
   defining Unicode char U+00FF (decimal 255)
   defining Unicode char U+0102 (decimal 258)
   defining Unicode char U+0103 (decimal 259)
   defining Unicode char U+0104 (decimal 260)
   defining Unicode char U+0105 (decimal 261)
   defining Unicode char U+0106 (decimal 262)
   defining Unicode char U+0107 (decimal 263)
   defining Unicode char U+010C (decimal 268)
   defining Unicode char U+010D (decimal 269)
   defining Unicode char U+010E (decimal 270)
   defining Unicode char U+010F (decimal 271)
   defining Unicode char U+0110 (decimal 272)
   defining Unicode char U+0111 (decimal 273)
   defining Unicode char U+0118 (decimal 280)
   defining Unicode char U+0119 (decimal 281)
   defining Unicode char U+011A (decimal 282)
   defining Unicode char U+011B (decimal 283)
   defining Unicode char U+011E (decimal 286)
   defining Unicode char U+011F (decimal 287)
   defining Unicode char U+0130 (decimal 304)
   defining Unicode char U+0131 (decimal 305)
   defining Unicode char U+0132 (decimal 306)
   defining Unicode char U+0133 (decimal 307)
   defining Unicode char U+0139 (decimal 313)
   defining Unicode char U+013A (decimal 314)
   defining Unicode char U+013D (decimal 317)
   defining Unicode char U+013E (decimal 318)
   defining Unicode char U+0141 (decimal 321)
   defining Unicode char U+0142 (decimal 322)
   defining Unicode char U+0143 (decimal 323)
   defining Unicode char U+0144 (decimal 324)
   defining Unicode char U+0147 (decimal 327)
   defining Unicode char U+0148 (decimal 328)
   defining Unicode char U+014A (decimal 330)
   defining Unicode char U+014B (decimal 331)
   defining Unicode char U+0150 (decimal 336)
   defining Unicode char U+0151 (decimal 337)
   defining Unicode char U+0152 (decimal 338)
   defining Unicode char U+0153 (decimal 339)
   defining Unicode char U+0154 (decimal 340)
   defining Unicode char U+0155 (decimal 341)
   defining Unicode char U+0158 (decimal 344)
   defining Unicode char U+0159 (decimal 345)
   defining Unicode char U+015A (decimal 346)
   defining Unicode char U+015B (decimal 347)
   defining Unicode char U+015E (decimal 350)
   defining Unicode char U+015F (decimal 351)
   defining Unicode char U+0160 (decimal 352)
   defining Unicode char U+0161 (decimal 353)
   defining Unicode char U+0162 (decimal 354)
   defining Unicode char U+0163 (decimal 355)
   defining Unicode char U+0164 (decimal 356)
   defining Unicode char U+0165 (decimal 357)
   defining Unicode char U+016E (decimal 366)
   defining Unicode char U+016F (decimal 367)
   defining Unicode char U+0170 (decimal 368)
   defining Unicode char U+0171 (decimal 369)
   defining Unicode char U+0178 (decimal 376)
   defining Unicode char U+0179 (decimal 377)
   defining Unicode char U+017A (decimal 378)
   defining Unicode char U+017B (decimal 379)
   defining Unicode char U+017C (decimal 380)
   defining Unicode char U+017D (decimal 381)
   defining Unicode char U+017E (decimal 382)
   defining Unicode char U+200C (decimal 8204)
   defining Unicode char U+2013 (decimal 8211)
   defining Unicode char U+2014 (decimal 8212)
   defining Unicode char U+2018 (decimal 8216)
   defining Unicode char U+2019 (decimal 8217)
   defining Unicode char U+201A (decimal 8218)
   defining Unicode char U+201C (decimal 8220)
   defining Unicode char U+201D (decimal 8221)
   defining Unicode char U+201E (decimal 8222)
   defining Unicode char U+2030 (decimal 8240)
   defining Unicode char U+2031 (decimal 8241)
   defining Unicode char U+2039 (decimal 8249)
   defining Unicode char U+203A (decimal 8250)
   defining Unicode char U+2423 (decimal 9251)
)
Now handling font encoding OT1 ...
... processing UTF-8 mapping file for font encoding OT1

("C:\Program Files\MiKTeX 2.9\tex\latex\base\ot1enc.dfu"
File: ot1enc.dfu 2014/09/29 v1.1m UTF-8 support for inputenc
   defining Unicode char U+00A1 (decimal 161)
   defining Unicode char U+00A3 (decimal 163)
   defining Unicode char U+00B8 (decimal 184)
   defining Unicode char U+00BF (decimal 191)
   defining Unicode char U+00C5 (decimal 197)
   defining Unicode char U+00C6 (decimal 198)
   defining Unicode char U+00D8 (decimal 216)
   defining Unicode char U+00DF (decimal 223)
   defining Unicode char U+00E6 (decimal 230)
   defining Unicode char U+00EC (decimal 236)
   defining Unicode char U+00ED (decimal 237)
   defining Unicode char U+00EE (decimal 238)
   defining Unicode char U+00EF (decimal 239)
   defining Unicode char U+00F8 (decimal 248)
   defining Unicode char U+0131 (decimal 305)
   defining Unicode char U+0141 (decimal 321)
   defining Unicode char U+0142 (decimal 322)
   defining Unicode char U+0152 (decimal 338)
   defining Unicode char U+0153 (decimal 339)
   defining Unicode char U+2013 (decimal 8211)
   defining Unicode char U+2014 (decimal 8212)
   defining Unicode char U+2018 (decimal 8216)
   defining Unicode char U+2019 (decimal 8217)
   defining Unicode char U+201C (decimal 8220)
   defining Unicode char U+201D (decimal 8221)
)
Now handling font encoding OMS ...
... processing UTF-8 mapping file for font encoding OMS

("C:\Program Files\MiKTeX 2.9\tex\latex\base\omsenc.dfu"
File: omsenc.dfu 2014/09/29 v1.1m UTF-8 support for inputenc
   defining Unicode char U+00A7 (decimal 167)
   defining Unicode char U+00B6 (decimal 182)
   defining Unicode char U+00B7 (decimal 183)
   defining Unicode char U+2020 (decimal 8224)
   defining Unicode char U+2021 (decimal 8225)
   defining Unicode char U+2022 (decimal 8226)
)
Now handling font encoding OMX ...
... no UTF-8 mapping file for font encoding OMX
Now handling font encoding U ...
... no UTF-8 mapping file for font encoding U
   defining Unicode char U+00A9 (decimal 169)
   defining Unicode char U+00AA (decimal 170)
   defining Unicode char U+00AE (decimal 174)
   defining Unicode char U+00BA (decimal 186)
   defining Unicode char U+02C6 (decimal 710)
   defining Unicode char U+02DC (decimal 732)
   defining Unicode char U+200C (decimal 8204)
   defining Unicode char U+2026 (decimal 8230)
   defining Unicode char U+2122 (decimal 8482)
   defining Unicode char U+2423 (decimal 9251)
))
("C:\Program Files\MiKTeX 2.9\tex\latex\graphics\graphicx.sty"
Package: graphicx 2014/10/28 v1.0g Enhanced LaTeX Graphics (DPC,SPQR)

("C:\Program Files\MiKTeX 2.9\tex\latex\graphics\keyval.sty"
Package: keyval 2014/10/28 v1.15 key=value parser (DPC)
\KV@toks@=\toks16
)
("C:\Program Files\MiKTeX 2.9\tex\latex\graphics\graphics.sty"
Package: graphics 2014/10/28 v1.0p Standard LaTeX Graphics (DPC,SPQR)

("C:\Program Files\MiKTeX 2.9\tex\latex\graphics\trig.sty"
Package: trig 1999/03/16 v1.09 sin cos tan (DPC)
)
("C:\Program Files\MiKTeX 2.9\tex\latex\00miktex\graphics.cfg"
File: graphics.cfg 2007/01/18 v1.5 graphics configuration of teTeX/TeXLive
)
Package graphics Info: Driver file: pdftex.def on input line 91.

("C:\Program Files\MiKTeX 2.9\tex\latex\pdftex-def\pdftex.def"
File: pdftex.def 2011/05/27 v0.06d Graphics/color for pdfTeX

("C:\Program Files\MiKTeX 2.9\tex\generic\oberdiek\infwarerr.sty"
Package: infwarerr 2010/04/08 v1.3 Providing info/warning/error messages (HO)
)
("C:\Program Files\MiKTeX 2.9\tex\generic\oberdiek\ltxcmds.sty"
Package: ltxcmds 2011/11/09 v1.22 LaTeX kernel commands for general use (HO)
)
\Gread@gobject=\count88
))
\Gin@req@height=\dimen103
\Gin@req@width=\dimen104
)
("C:\Program Files\MiKTeX 2.9\tex\latex\listings\listings.sty"
\lst@mode=\count89
\lst@gtempboxa=\box26
\lst@token=\toks17
\lst@length=\count90
\lst@currlwidth=\dimen105
\lst@column=\count91
\lst@pos=\count92
\lst@lostspace=\dimen106
\lst@width=\dimen107
\lst@newlines=\count93
\lst@lineno=\count94
\lst@maxwidth=\dimen108

("C:\Program Files\MiKTeX 2.9\tex\latex\listings\lstmisc.sty"
File: lstmisc.sty 2015/06/04 1.6 (Carsten Heinz)
\c@lstnumber=\count95
\lst@skipnumbers=\count96
\lst@framebox=\box27
)
("C:\Program Files\MiKTeX 2.9\tex\latex\listings\listings.cfg"
File: listings.cfg 2015/06/04 1.6 listings configuration
))
Package: listings 2015/06/04 1.6 (Carsten Heinz)

("C:\Program Files\MiKTeX 2.9\tex\latex\rotating\rotating.sty"
Package: rotating 2009/03/28 v2.16a rotated objects in LaTeX

("C:\Program Files\MiKTeX 2.9\tex\latex\base\ifthen.sty"
Package: ifthen 2014/09/29 v1.1c Standard LaTeX ifthen package (DPC)
)
\c@r@tfl@t=\count97
\rotFPtop=\skip43
\rotFPbot=\skip44
\rot@float@box=\box28
\rot@mess@toks=\toks18
)
("C:\Program Files\MiKTeX 2.9\tex\latex\hyperref\hyperref.sty"
Package: hyperref 2012/11/06 v6.83m Hypertext links for LaTeX

("C:\Program Files\MiKTeX 2.9\tex\generic\oberdiek\hobsub-hyperref.sty"
Package: hobsub-hyperref 2012/04/25 v1.12 Bundle oberdiek, subset hyperref (HO)


("C:\Program Files\MiKTeX 2.9\tex\generic\oberdiek\hobsub-generic.sty"
Package: hobsub-generic 2012/04/25 v1.12 Bundle oberdiek, subset generic (HO)
Package: hobsub 2012/04/25 v1.12 Construct package bundles (HO)
Package hobsub Info: Skipping package `infwarerr' (already loaded).
Package hobsub Info: Skipping package `ltxcmds' (already loaded).
Package: ifluatex 2010/03/01 v1.3 Provides the ifluatex switch (HO)
Package ifluatex Info: LuaTeX not detected.
Package: ifvtex 2010/03/01 v1.5 Detect VTeX and its facilities (HO)
Package ifvtex Info: VTeX not detected.
Package: intcalc 2007/09/27 v1.1 Expandable calculations with integers (HO)
Package: ifpdf 2011/01/30 v2.3 Provides the ifpdf switch (HO)
Package ifpdf Info: pdfTeX in PDF mode is detected.
Package: etexcmds 2011/02/16 v1.5 Avoid name clashes with e-TeX commands (HO)
Package etexcmds Info: Could not find \expanded.
(etexcmds)             That can mean that you are not using pdfTeX 1.50 or
(etexcmds)             that some package has redefined \expanded.
(etexcmds)             In the latter case, load this package earlier.
Package: kvsetkeys 2012/04/25 v1.16 Key value parser (HO)
Package: kvdefinekeys 2011/04/07 v1.3 Define keys (HO)
Package: pdftexcmds 2011/11/29 v0.20 Utility functions of pdfTeX for LuaTeX (HO
)
Package pdftexcmds Info: LuaTeX not detected.
Package pdftexcmds Info: \pdf@primitive is available.
Package pdftexcmds Info: \pdf@ifprimitive is available.
Package pdftexcmds Info: \pdfdraftmode found.
Package: pdfescape 2011/11/25 v1.13 Implements pdfTeX's escape features (HO)
Package: bigintcalc 2012/04/08 v1.3 Expandable calculations on big integers (HO
)
Package: bitset 2011/01/30 v1.1 Handle bit-vector datatype (HO)
Package: uniquecounter 2011/01/30 v1.2 Provide unlimited unique counter (HO)
)
Package hobsub Info: Skipping package `hobsub' (already loaded).
Package: letltxmacro 2010/09/02 v1.4 Let assignment for LaTeX macros (HO)
Package: hopatch 2011/06/24 v1.1 Wrapper for package hooks (HO)
Package: xcolor-patch 2011/01/30 xcolor patch
Package: atveryend 2011/06/30 v1.8 Hooks at the very end of document (HO)
Package atveryend Info: \enddocument detected (standard20110627).
Package: atbegshi 2011/10/05 v1.16 At begin shipout hook (HO)
Package: refcount 2011/10/16 v3.4 Data extraction from label references (HO)
Package: hycolor 2011/01/30 v1.7 Color options for hyperref/bookmark (HO)
)
("C:\Program Files\MiKTeX 2.9\tex\generic\ifxetex\ifxetex.sty"
Package: ifxetex 2010/09/12 v0.6 Provides ifxetex conditional
)
("C:\Program Files\MiKTeX 2.9\tex\latex\oberdiek\auxhook.sty"
Package: auxhook 2011/03/04 v1.3 Hooks for auxiliary files (HO)
)
("C:\Program Files\MiKTeX 2.9\tex\latex\oberdiek\kvoptions.sty"
Package: kvoptions 2011/06/30 v3.11 Key value format for package options (HO)
)
\@linkdim=\dimen109
\Hy@linkcounter=\count98
\Hy@pagecounter=\count99

("C:\Program Files\MiKTeX 2.9\tex\latex\hyperref\pd1enc.def"
File: pd1enc.def 2012/11/06 v6.83m Hyperref: PDFDocEncoding definition (HO)
Now handling font encoding PD1 ...
... no UTF-8 mapping file for font encoding PD1
)
\Hy@SavedSpaceFactor=\count100

("C:\Program Files\MiKTeX 2.9\tex\latex\00miktex\hyperref.cfg"
File: hyperref.cfg 2002/06/06 v1.2 hyperref configuration of TeXLive
)
Package hyperref Info: Hyper figures OFF on input line 4443.
Package hyperref Info: Link nesting OFF on input line 4448.
Package hyperref Info: Hyper index ON on input line 4451.
Package hyperref Info: Plain pages OFF on input line 4458.
Package hyperref Info: Backreferencing OFF on input line 4463.
Package hyperref Info: Implicit mode ON; LaTeX internals redefined.
Package hyperref Info: Bookmarks ON on input line 4688.
\c@Hy@tempcnt=\count101

("C:\Program Files\MiKTeX 2.9\tex\latex\url\url.sty"
\Urlmuskip=\muskip10
Package: url 2013/09/16  ver 3.4  Verb mode for urls, etc.
)
LaTeX Info: Redefining \url on input line 5041.
\XeTeXLinkMargin=\dimen110
\Fld@menulength=\count102
\Field@Width=\dimen111
\Fld@charsize=\dimen112
Package hyperref Info: Hyper figures OFF on input line 6295.
Package hyperref Info: Link nesting OFF on input line 6300.
Package hyperref Info: Hyper index ON on input line 6303.
Package hyperref Info: backreferencing OFF on input line 6310.
Package hyperref Info: Link coloring OFF on input line 6315.
Package hyperref Info: Link coloring with OCG OFF on input line 6320.
Package hyperref Info: PDF/A mode OFF on input line 6325.
LaTeX Info: Redefining \ref on input line 6365.
LaTeX Info: Redefining \pageref on input line 6369.
\Hy@abspage=\count103
\c@Item=\count104
\c@Hfootnote=\count105
)

Package hyperref Message: Driver (autodetected): hpdftex.

("C:\Program Files\MiKTeX 2.9\tex\latex\hyperref\hpdftex.def"
File: hpdftex.def 2012/11/06 v6.83m Hyperref driver for pdfTeX
\Fld@listcount=\count106
\c@bookmark@seq@number=\count107

("C:\Program Files\MiKTeX 2.9\tex\latex\oberdiek\rerunfilecheck.sty"
Package: rerunfilecheck 2011/04/15 v1.7 Rerun checks for auxiliary files (HO)
Package uniquecounter Info: New unique counter `rerunfilecheck' on input line 2
82.
)
\Hy@SectionHShift=\skip45
)
(RASD.aux)
LaTeX Font Info:    Checking defaults for OML/cmm/m/it on input line 19.
LaTeX Font Info:    ... okay on input line 19.
LaTeX Font Info:    Checking defaults for T1/cmr/m/n on input line 19.
LaTeX Font Info:    ... okay on input line 19.
LaTeX Font Info:    Checking defaults for OT1/cmr/m/n on input line 19.
LaTeX Font Info:    ... okay on input line 19.
LaTeX Font Info:    Checking defaults for OMS/cmsy/m/n on input line 19.
LaTeX Font Info:    ... okay on input line 19.
LaTeX Font Info:    Checking defaults for OMX/cmex/m/n on input line 19.
LaTeX Font Info:    ... okay on input line 19.
LaTeX Font Info:    Checking defaults for U/cmr/m/n on input line 19.
LaTeX Font Info:    ... okay on input line 19.
LaTeX Font Info:    Checking defaults for PD1/pdf/m/n on input line 19.
LaTeX Font Info:    ... okay on input line 19.
 ("C:\Program Files\MiKTeX 2.9\tex\context\base\supp-pdf.mkii"
[Loading MPS to PDF converter (version 2006.09.02).]
\scratchcounter=\count108
\scratchdimen=\dimen113
\scratchbox=\box29
\nofMPsegments=\count109
\nofMParguments=\count110
\everyMPshowfont=\toks19
\MPscratchCnt=\count111
\MPscratchDim=\dimen114
\MPnumerator=\count112
\makeMPintoPDFobject=\count113
\everyMPtoPDFconversion=\toks20
)
\c@lstlisting=\count114
\AtBeginShipoutBox=\box30
Package hyperref Info: Link coloring OFF on input line 19.
 ("C:\Program Files\MiKTeX 2.9\tex\latex\hyperref\nameref.sty"
Package: nameref 2012/10/27 v2.43 Cross-referencing by name of section

("C:\Program Files\MiKTeX 2.9\tex\generic\oberdiek\gettitlestring.sty"
Package: gettitlestring 2010/12/03 v1.4 Cleanup title references (HO)
)
\c@section@level=\count115
)
LaTeX Info: Redefining \ref on input line 19.
LaTeX Info: Redefining \pageref on input line 19.
LaTeX Info: Redefining \nameref on input line 19.

(RASD.out) (RASD.out)
\@outlinefile=\write3
LaTeX Font Info:    External font `cmex10' loaded for size
(Font)              <12> on input line 21.
LaTeX Font Info:    External font `cmex10' loaded for size
(Font)              <8> on input line 21.
LaTeX Font Info:    External font `cmex10' loaded for size
(Font)              <6> on input line 21.
 [1

{C:/ProgramData/MiKTeX/2.9/pdftex/config/pdftex.map}]
(RASD.toc
LaTeX Font Info:    External font `cmex10' loaded for size
(Font)              <10.95> on input line 2.
)
\tf@toc=\write4
pdfTeX warning (ext4): destination with the same identifier (name{page.1}) has 
been already used, duplicate ignored
<to be read again> 
                   \relax 
l.23 \chapter
             *{Introduction} [1

] [2] (chapters/introduction.tex
LaTeX Font Info:    External font `cmex10' loaded for size
(Font)              <9> on input line 13.
LaTeX Font Info:    External font `cmex10' loaded for size
(Font)              <5> on input line 13.
 [3

]
LaTeX Font Info:    Try loading font information for OMS+cmr on input line 37.

("C:\Program Files\MiKTeX 2.9\tex\latex\base\omscmr.fd"
File: omscmr.fd 2014/09/29 v2.5h Standard LaTeX font definitions
)
LaTeX Font Info:    Font shape `OMS/cmr/m/n' in size <10.95> not available
(Font)              Font shape `OMS/cmsy/m/n' tried instead on input line 37.
 [4]) [5]
(chapters/overall_description.tex
Underfull \hbox (badness 10000) in paragraph at lines 6--9

 []


Underfull \hbox (badness 10000) in paragraph at lines 12--17

 []

[6

]) [7] (chapters/ui_mockup.tex
<ui/sequencelogin.png, id=200, 451.6875pt x 825.0825pt>
File: ui/sequencelogin.png Graphic file (type png)

<use ui/sequencelogin.png>
Package pdftex.def Info: ui/sequencelogin.png used on input line 3.
(pdftex.def)             Requested size: 225.84319pt x 412.54024pt.
 [8

 <./ui/sequencelogin.png>]

LaTeX Warning: File `ui/Login + menu.png' not found on input line 10.

<ui/Login + menu.png, id=208, 451.6875pt x 825.0825pt>
File: ui/Login + menu.png Graphic file (type png)

<use ui/Login + menu.png>
Package pdftex.def Info: ui/Login + menu.png used on input line 10.
(pdftex.def)             Requested size: 225.84319pt x 412.54024pt.


LaTeX Warning: File `ui/Login + toast.png' not found on input line 18.

<ui/Login + toast.png, id=209, 451.6875pt x 825.0825pt>
File: ui/Login + toast.png Graphic file (type png)

<use ui/Login + toast.png>
Package pdftex.def Info: ui/Login + toast.png used on input line 18.
(pdftex.def)             Requested size: 225.84319pt x 412.54024pt.


LaTeX Warning: `h' float specifier changed to `ht'.


LaTeX Warning: File `ui/Login + toast (driver).png' not found on input line 26.


<ui/Login + toast (driver).png, id=210, 451.6875pt x 825.0825pt>
File: ui/Login + toast (driver).png Graphic file (type png)

<use ui/Login + toast (driver).png>
Package pdftex.def Info: ui/Login + toast (driver).png used on input line 26.
(pdftex.def)             Requested size: 225.84319pt x 412.54024pt.


LaTeX Warning: `h' float specifier changed to `ht'.


LaTeX Warning: File `ui/Passenger map screen.png' not found on input line 34.

<ui/Passenger map screen.png, id=211, 451.6875pt x 825.0825pt>
File: ui/Passenger map screen.png Graphic file (type png)

<use ui/Passenger map screen.png>
Package pdftex.def Info: ui/Passenger map screen.png used on input line 34.
(pdftex.def)             Requested size: 225.84319pt x 412.54024pt.


LaTeX Warning: `h' float specifier changed to `ht'.


LaTeX Warning: File `ui/Passenger confirm screen.png' not found on input line 4
2.

<ui/Passenger confirm screen.png, id=212, 451.6875pt x 825.0825pt>
File: ui/Passenger confirm screen.png Graphic file (type png)

<use ui/Passenger confirm screen.png>
Package pdftex.def Info: ui/Passenger confirm screen.png used on input line 42.

(pdftex.def)             Requested size: 225.84319pt x 412.54024pt.


LaTeX Warning: `h' float specifier changed to `ht'.


LaTeX Warning: File `ui/Passenger confirm screen - reserve.png' not found on in
put line 50.

<ui/Passenger confirm screen - reserve.png, id=213, 451.6875pt x 825.0825pt>
File: ui/Passenger confirm screen - reserve.png Graphic file (type png)

<use ui/Passenger confirm screen - reserve.png>
Package pdftex.def Info: ui/Passenger confirm screen - reserve.png used on inpu
t line 50.
(pdftex.def)             Requested size: 225.84319pt x 412.54024pt.

Overfull \hbox (2.96162pt too wide) in paragraph at lines 50--51
[][] 
 []


LaTeX Warning: `h' float specifier changed to `ht'.


LaTeX Warning: File `ui/Passenger call list screen + toast.png' not found on in
put line 58.

<ui/Passenger call list screen + toast.png, id=214, 451.6875pt x 825.0825pt>
File: ui/Passenger call list screen + toast.png Graphic file (type png)

<use ui/Passenger call list screen + toast.png>
Package pdftex.def Info: ui/Passenger call list screen + toast.png used on inpu
t line 58.
(pdftex.def)             Requested size: 225.84319pt x 412.54024pt.


LaTeX Warning: `h' float specifier changed to `ht'.

[9 <./ui/Login + menu.png>]

LaTeX Warning: File `ui/Passenger call list detail.png' not found on input line
 66.

<ui/Passenger call list detail.png, id=221, 451.6875pt x 825.0825pt>
File: ui/Passenger call list detail.png Graphic file (type png)

<use ui/Passenger call list detail.png>
Package pdftex.def Info: ui/Passenger call list detail.png used on input line 6
6.
(pdftex.def)             Requested size: 225.84319pt x 412.54024pt.


LaTeX Warning: `h' float specifier changed to `ht'.


LaTeX Warning: File `ui/Passenger call list + menu.png' not found on input line
 74.

<ui/Passenger call list + menu.png, id=222, 451.6875pt x 825.0825pt>
File: ui/Passenger call list + menu.png Graphic file (type png)

<use ui/Passenger call list + menu.png>
Package pdftex.def Info: ui/Passenger call list + menu.png used on input line 7
4.
(pdftex.def)             Requested size: 225.84319pt x 412.54024pt.


LaTeX Warning: `h' float specifier changed to `ht'.


LaTeX Warning: File `ui/Driver Idle screen.png' not found on input line 82.

<ui/Driver Idle screen.png, id=223, 451.6875pt x 825.0825pt>
File: ui/Driver Idle screen.png Graphic file (type png)

<use ui/Driver Idle screen.png>
Package pdftex.def Info: ui/Driver Idle screen.png used on input line 82.
(pdftex.def)             Requested size: 225.84319pt x 412.54024pt.


LaTeX Warning: `h' float specifier changed to `ht'.


LaTeX Warning: File `ui/Driver new call dialog.png' not found on input line 90.


<ui/Driver new call dialog.png, id=224, 451.6875pt x 825.0825pt>
File: ui/Driver new call dialog.png Graphic file (type png)

<use ui/Driver new call dialog.png>
Package pdftex.def Info: ui/Driver new call dialog.png used on input line 90.
(pdftex.def)             Requested size: 225.84319pt x 412.54024pt.


LaTeX Warning: `h' float specifier changed to `ht'.


LaTeX Warning: File `ui/Driver ride info screen.png' not found on input line 98
.

<ui/Driver ride info screen.png, id=225, 451.6875pt x 825.0825pt>
File: ui/Driver ride info screen.png Graphic file (type png)

<use ui/Driver ride info screen.png>
Package pdftex.def Info: ui/Driver ride info screen.png used on input line 98.
(pdftex.def)             Requested size: 225.84319pt x 412.54024pt.


LaTeX Warning: `h' float specifier changed to `ht'.


LaTeX Warning: File `ui/Driver call list.png' not found on input line 106.

<ui/Driver call list.png, id=226, 451.6875pt x 825.0825pt>
File: ui/Driver call list.png Graphic file (type png)

<use ui/Driver call list.png>
Package pdftex.def Info: ui/Driver call list.png used on input line 106.
(pdftex.def)             Requested size: 225.84319pt x 412.54024pt.


LaTeX Warning: `h' float specifier changed to `ht'.


LaTeX Warning: File `ui/Driver shared fee dialog.png' not found on input line 1
14.

<ui/Driver shared fee dialog.png, id=227, 451.6875pt x 825.0825pt>
File: ui/Driver shared fee dialog.png Graphic file (type png)

<use ui/Driver shared fee dialog.png>
Package pdftex.def Info: ui/Driver shared fee dialog.png used on input line 114
.
(pdftex.def)             Requested size: 225.84319pt x 412.54024pt.


LaTeX Warning: `h' float specifier changed to `ht'.


LaTeX Warning: File `ui/Driver normal ride dialog.png' not found on input line 
122.

<ui/Driver normal ride dialog.png, id=228, 451.6875pt x 825.0825pt>
File: ui/Driver normal ride dialog.png Graphic file (type png)

<use ui/Driver normal ride dialog.png>
Package pdftex.def Info: ui/Driver normal ride dialog.png used on input line 12
2.
(pdftex.def)             Requested size: 225.84319pt x 412.54024pt.


LaTeX Warning: `h' float specifier changed to `ht'.


LaTeX Warning: File `ui/Driver call list + menu.png' not found on input line 13
0.

<ui/Driver call list + menu.png, id=229, 451.6875pt x 825.0825pt>
File: ui/Driver call list + menu.png Graphic file (type png)

<use ui/Driver call list + menu.png>
Package pdftex.def Info: ui/Driver call list + menu.png used on input line 130.

(pdftex.def)             Requested size: 225.84319pt x 412.54024pt.


LaTeX Warning: `h' float specifier changed to `ht'.

) [10] [11 <./ui/Login + toast.png>] [12 <./ui/Login + toast (driver).png>]
[13 <./ui/Passenger map screen.png>] [14 <./ui/Passenger confirm screen.png>]
[15 <./ui/Passenger confirm screen - reserve.png>] [16 <./ui/Passenger call lis
t screen + toast.png>] [17 <./ui/Passenger call list detail.png>] [18 <./ui/Pas
senger call list + menu.png>] [19 <./ui/Driver Idle screen.png>] [20 <./ui/Driv
er new call dialog.png>] [21 <./ui/Driver ride info screen.png>] [22 <./ui/Driv
er call list.png>] [23 <./ui/Driver shared fee dialog.png>] [24 <./ui/Driver no
rmal ride dialog.png>] [25 <./ui/Driver call list + menu.png>]
(chapters/specific_requirements.tex
Underfull \hbox (badness 10000) in paragraph at lines 2--5

 []

[26

] [27] [28] [29]
Overfull \hbox (79.97131pt too wide) in paragraph at lines 136--145
 [] 
 []

<register.png, id=345, 992.70876pt x 602.25pt>
File: register.png Graphic file (type png)
 <use register.png>
Package pdftex.def Info: register.png used on input line 148.
(pdftex.def)             Requested size: 496.35316pt x 301.12425pt.

Overfull \hbox (136.35316pt too wide) in paragraph at lines 148--149
[][] 
 []

[30] [31 <./register.png>]
Overfull \hbox (79.97131pt too wide) in paragraph at lines 154--164
 [] 
 []


Overfull \hbox (79.97131pt too wide) in paragraph at lines 167--178
 [] 
 []

<callataxi.png, id=360, 1024.82875pt x 738.76pt>
File: callataxi.png Graphic file (type png)
 <use callataxi.png>
Package pdftex.def Info: callataxi.png used on input line 181.
(pdftex.def)             Requested size: 512.41312pt x 369.37909pt.

Overfull \hbox (152.41312pt too wide) in paragraph at lines 181--182
[][] 
 []


LaTeX Warning: `h' float specifier changed to `ht'.

[32]
Overfull \hbox (79.97131pt too wide) in paragraph at lines 187--197
 [] 
 []

[33 <./callataxi.png>]
Overfull \hbox (79.97131pt too wide) in paragraph at lines 200--211
 [] 
 []

<bookataxi.png, id=370, 1056.94875pt x 682.55pt>
File: bookataxi.png Graphic file (type png)
 <use bookataxi.png>
Package pdftex.def Info: bookataxi.png used on input line 214.
(pdftex.def)             Requested size: 528.47308pt x 341.27417pt.

Overfull \hbox (168.47308pt too wide) in paragraph at lines 214--215
[][] 
 []


LaTeX Warning: `h' float specifier changed to `ht'.

[34]
Overfull \hbox (79.97131pt too wide) in paragraph at lines 220--231
 [] 
 []


Overfull \hbox (79.97131pt too wide) in paragraph at lines 234--243
 [] 
 []

[35 <./bookataxi.png>] <taxist.png, id=380, 984.67876pt x 722.7pt>
File: taxist.png Graphic file (type png)

<use taxist.png>
Package pdftex.def Info: taxist.png used on input line 246.
(pdftex.def)             Requested size: 492.33817pt x 361.3491pt.

Overfull \hbox (132.33817pt too wide) in paragraph at lines 246--247
[][] 
 []

[36 <./taxist.png>]) [37] (chapters/uml.tex) [38

] (chapters/appendix.tex
(../../alloy/model.als
LaTeX Font Info:    Try loading font information for OML+cmr on input line 17.
 ("C:\Program Files\MiKTeX 2.9\tex\latex\base\omlcmr.fd"
File: omlcmr.fd 2014/09/29 v2.5h Standard LaTeX font definitions
)
LaTeX Font Info:    Font shape `OML/cmr/m/n' in size <10.95> not available
(Font)              Font shape `OML/cmm/m/it' tried instead on input line 17.
[39

] [40] [41]) [42]
<../../alloy/generated_world.png, id=513, 2144.01pt x 1505.625pt>
File: ../../alloy/generated_world.png Graphic file (type png)

<use ../../alloy/generated_world.png>
Package pdftex.def Info: ../../alloy/generated_world.png used on input line 13.

(pdftex.def)             Requested size: 643.20798pt x 451.691pt.

Overfull \hbox (47.40771pt too wide) in paragraph at lines 13--14
[][] 
 []

)
Package atveryend Info: Empty hook `BeforeClearDocument' on input line 59.
 [43] [44 <../../alloy/generated_world.png>]
Package atveryend Info: Empty hook `AfterLastShipout' on input line 59.
 (RASD.aux)
Package atveryend Info: Executing hook `AtVeryEndDocument' on input line 59.
Package atveryend Info: Executing hook `AtEndAfterFileList' on input line 59.
Package rerunfilecheck Info: File `RASD.out' has not changed.
(rerunfilecheck)             Checksum: 6A821E6612A8298FD5CDB70130D0AD71;1847.
Package atveryend Info: Empty hook `AtVeryVeryEnd' on input line 59.
 ) 
Here is how much of TeX's memory you used:
 7270 strings out of 493698
 104302 string characters out of 3144412
 319721 words of memory out of 3000000
 10302 multiletter control sequences out of 15000+200000
 10982 words of font info for 38 fonts, out of 3000000 for 9000
 1025 hyphenation exceptions out of 8191
 32i,9n,32p,1202b,1746s stack positions out of 5000i,500n,10000p,200000b,50000s
<C:/Program Files/MiKTeX 2.9/fonts/type1/public/amsfonts/cm/cmbx10.pfb><C:/Pr
ogram Files/MiKTeX 2.9/fonts/type1/public/amsfonts/cm/cmbx12.pfb><C:/Program Fi
les/MiKTeX 2.9/fonts/type1/public/amsfonts/cm/cmmi10.pfb><C:/Program Files/MiKT
eX 2.9/fonts/type1/public/amsfonts/cm/cmr10.pfb><C:/Program Files/MiKTeX 2.9/fo
nts/type1/public/amsfonts/cm/cmr12.pfb><C:/Program Files/MiKTeX 2.9/fonts/type1
/public/amsfonts/cm/cmr6.pfb><C:/Program Files/MiKTeX 2.9/fonts/type1/public/am
sfonts/cm/cmr8.pfb><C:/Program Files/MiKTeX 2.9/fonts/type1/public/amsfonts/cm/
cmr9.pfb><C:/Program Files/MiKTeX 2.9/fonts/type1/public/amsfonts/cm/cmsy10.pfb
><C:/Program Files/MiKTeX 2.9/fonts/type1/public/amsfonts/cm/cmti10.pfb>
Output written on RASD.pdf (45 pages, 2474512 bytes).
PDF statistics:
 610 PDF objects out of 1000 (max. 8388607)
 209 named destinations out of 1000 (max. 500000)
 351 words of extra memory for PDF output out of 10000 (max. 10000000)

